Not searching for unused variables given on the command line.
[36m--[0m The C compiler identification is GNU 8.4.0
[36m--[0m The CXX compiler identification is GNU 8.4.0
[36m--[0m Check for working C compiler: /usr/bin/cc
[36m--[0m Check for working C compiler: /usr/bin/cc -- works
[36m--[0m Detecting C compiler ABI info
[36m--[0m Detecting C compiler ABI info - done
[36m--[0m Detecting C compile features
[36m--[0m Detecting C compile features - done
[36m--[0m Check for working CXX compiler: /usr/bin/c++
[36m--[0m Check for working CXX compiler: /usr/bin/c++ -- works
[36m--[0m Detecting CXX compiler ABI info
[36m--[0m Detecting CXX compiler ABI info - done
[36m--[0m Detecting CXX compile features
[36m--[0m Detecting CXX compile features - done
[36m--[0m Using CATKIN_DEVEL_PREFIX: /home/roku/workspace_jun/dt_test/devel/.private/my_controller_pkg
[36m--[0m Using CMAKE_PREFIX_PATH: /home/roku/workspace_jun/dt_test/devel;/home/roku/workspace_jun/robocup/ros/workspace/1_tut_ws/devel;/home/roku/workspace_jun/catkin_ws_joystick/devel;/opt/ros/noetic
[36m--[0m This workspace overlays: /home/roku/workspace_jun/dt_test/devel;/home/roku/workspace_jun/robocup/ros/workspace/1_tut_ws/devel;/home/roku/workspace_jun/catkin_ws_joystick/devel;/opt/ros/noetic
[36m--[0m Found PythonInterp: /usr/local/anaconda/bin/python3 (found suitable version "3.8.5", minimum required is "3")
[36m--[0m Using PYTHON_EXECUTABLE: /usr/local/anaconda/bin/python3
[36m--[0m Using Debian Python package layout
[36m--[0m Found PY_em: /home/roku/.local/lib/python3.8/site-packages/em.py
[36m--[0m Using empy: /home/roku/.local/lib/python3.8/site-packages/em.py
[36m--[0m Using CATKIN_ENABLE_TESTING: ON
[36m--[0m Call enable_testing()
[36m--[0m Using CATKIN_TEST_RESULTS_DIR: /home/roku/workspace_jun/dt_test/build/my_controller_pkg/test_results
[36m--[0m Forcing gtest/gmock from source, though one was otherwise available.
[36m--[0m Found gtest sources under '/usr/src/googletest': gtests will be built
[36m--[0m Found gmock sources under '/usr/src/googletest': gmock will be built
[36m--[0m Found PythonInterp: /usr/local/anaconda/bin/python3 (found version "3.8.5")
[36m--[0m Found Threads: TRUE
[36m--[0m Using Python nosetests: /usr/bin/nosetests3
[36m--[0m catkin 0.8.10
[36m--[0m BUILD_SHARED_LIBS is on
[36m--[0m Using these message generators: gencpp;geneus;genlisp;gennodejs;genpy
[36m--[0m Configuring done
[31m[1mCMake Error[0m at /home/roku/workspace_jun/dt_test/src/my_controller_pkg/CMakeLists.txt:164 (add_dependencies):
  The dependency target "mavros" of target "offboard_node_test" does not
  exist.


[36m--[0m Generating done
CMake Generate step failed.  Build files cannot be regenerated correctly.
